<?xml version="1.0" encoding="UTF-8"?>
<testng-results ignored="0" total="1" passed="0" failed="1" skipped="0">
  <reporter-output>
    <line>
      <![CDATA[Open Browser "OrangeHRM" web page ]]>
    </line>
    <line>
      <![CDATA[Enter Username and Password]]>
    </line>
    <line>
      <![CDATA[Validate that you have logged in successfully]]>
    </line>
    <line>
      <![CDATA[Click Admin - Go to the admin page]]>
    </line>
    <line>
      <![CDATA[Click add]]>
    </line>
    <line>
      <![CDATA[Enter valid Employee Name]]>
    </line>
    <line>
      <![CDATA[Enter valid User Name]]>
    </line>
    <line>
      <![CDATA[Enter a new Password]]>
    </line>
    <line>
      <![CDATA[Click Save]]>
    </line>
    <line>
      <![CDATA[Close Browser]]>
    </line>
    <line>
      <![CDATA[Open Browser "OrangeHRM" web page ]]>
    </line>
    <line>
      <![CDATA[Enter Username and Password]]>
    </line>
    <line>
      <![CDATA[Validate that you have logged in successfully]]>
    </line>
    <line>
      <![CDATA[Click Admin - Go to the admin page]]>
    </line>
    <line>
      <![CDATA[Search username in field "Username"]]>
    </line>
    <line>
      <![CDATA[Click Search]]>
    </line>
    <line>
      <![CDATA[Verify username exist in table]]>
    </line>
  </reporter-output>
  <suite started-at="2021-06-26T18:03:35Z" name="Default suite" finished-at="2021-06-26T18:03:51Z" duration-ms="15737">
    <groups>
    </groups>
    <test started-at="2021-06-26T18:03:35Z" name="Default test" finished-at="2021-06-26T18:03:51Z" duration-ms="15737">
      <class name="com.opensourse.admin.qa.TC004_Admin_DeleteUser">
        <test-method is-config="true" signature="beforeClass()[pri:0, instance:com.opensourse.admin.qa.TC004_Admin_DeleteUser@6cb6decd]" started-at="2021-06-26T18:03:35Z" name="beforeClass" finished-at="2021-06-26T18:03:42Z" duration-ms="6688" status="PASS">
          <reporter-output>
            <line>
              <![CDATA[Open Browser "OrangeHRM" web page ]]>
            </line>
            <line>
              <![CDATA[Enter Username and Password]]>
            </line>
            <line>
              <![CDATA[Validate that you have logged in successfully]]>
            </line>
            <line>
              <![CDATA[Click Admin - Go to the admin page]]>
            </line>
            <line>
              <![CDATA[Click add]]>
            </line>
            <line>
              <![CDATA[Enter valid Employee Name]]>
            </line>
            <line>
              <![CDATA[Enter valid User Name]]>
            </line>
            <line>
              <![CDATA[Enter a new Password]]>
            </line>
            <line>
              <![CDATA[Click Save]]>
            </line>
            <line>
              <![CDATA[Close Browser]]>
            </line>
          </reporter-output>
        </test-method> <!-- beforeClass -->
        <test-method signature="TC004_Admin_DeleteUser_Scrip()[pri:0, instance:com.opensourse.admin.qa.TC004_Admin_DeleteUser@6cb6decd]" started-at="2021-06-26T18:03:42Z" name="TC004_Admin_DeleteUser_Scrip" finished-at="2021-06-26T18:03:51Z" duration-ms="9000" status="FAIL">
          <exception class="org.openqa.selenium.NoSuchElementException">
            <message>
              <![CDATA[Cannot locate an element using xpath=//tbody/tr[1]/td[2]
For documentation on this error, please visit: https://www.seleniumhq.org/exceptions/no_such_element.html
Build info: version: '3.141.59', revision: 'e82be7d358', time: '2018-11-14T08:17:03'
System info: host: 'DESKTOP-UJP16G5', ip: '192.168.15.11', os.name: 'Windows 10', os.arch: 'amd64', os.version: '10.0', java.version: '11.0.11'
Driver info: driver.version: RemoteWebDriver]]>
            </message>
            <full-stacktrace>
              <![CDATA[org.openqa.selenium.NoSuchElementException: Cannot locate an element using xpath=//tbody/tr[1]/td[2]
For documentation on this error, please visit: https://www.seleniumhq.org/exceptions/no_such_element.html
Build info: version: '3.141.59', revision: 'e82be7d358', time: '2018-11-14T08:17:03'
System info: host: 'DESKTOP-UJP16G5', ip: '192.168.15.11', os.name: 'Windows 10', os.arch: 'amd64', os.version: '10.0', java.version: '11.0.11'
Driver info: driver.version: RemoteWebDriver
at org.openqa.selenium.remote.RemoteWebDriver.findElement(RemoteWebDriver.java:327)
at org.openqa.selenium.remote.RemoteWebDriver.findElementByXPath(RemoteWebDriver.java:428)
at org.openqa.selenium.By$ByXPath.findElement(By.java:353)
at org.openqa.selenium.remote.RemoteWebDriver.findElement(RemoteWebDriver.java:315)
at com.opensourse.admin.qa.TC004_Admin_DeleteUser.TC004_Admin_DeleteUser_Scrip(TC004_Admin_DeleteUser.java:126)
at java.base/jdk.internal.reflect.NativeMethodAccessorImpl.invoke0(Native Method)
at java.base/jdk.internal.reflect.NativeMethodAccessorImpl.invoke(NativeMethodAccessorImpl.java:62)
at java.base/jdk.internal.reflect.DelegatingMethodAccessorImpl.invoke(DelegatingMethodAccessorImpl.java:43)
at java.base/java.lang.reflect.Method.invoke(Method.java:566)
at org.testng.internal.MethodInvocationHelper.invokeMethod(MethodInvocationHelper.java:124)
at org.testng.internal.Invoker.invokeMethod(Invoker.java:583)
at org.testng.internal.Invoker.invokeTestMethod(Invoker.java:719)
at org.testng.internal.Invoker.invokeTestMethods(Invoker.java:989)
at org.testng.internal.TestMethodWorker.invokeTestMethods(TestMethodWorker.java:125)
at org.testng.internal.TestMethodWorker.run(TestMethodWorker.java:109)
at org.testng.TestRunner.privateRun(TestRunner.java:648)
at org.testng.TestRunner.run(TestRunner.java:505)
at org.testng.SuiteRunner.runTest(SuiteRunner.java:455)
at org.testng.SuiteRunner.runSequentially(SuiteRunner.java:450)
at org.testng.SuiteRunner.privateRun(SuiteRunner.java:415)
at org.testng.SuiteRunner.run(SuiteRunner.java:364)
at org.testng.SuiteRunnerWorker.runSuite(SuiteRunnerWorker.java:52)
at org.testng.SuiteRunnerWorker.run(SuiteRunnerWorker.java:84)
at org.testng.TestNG.runSuitesSequentially(TestNG.java:1208)
at org.testng.TestNG.runSuitesLocally(TestNG.java:1137)
at org.testng.TestNG.runSuites(TestNG.java:1049)
at org.testng.TestNG.run(TestNG.java:1017)
at org.testng.remote.AbstractRemoteTestNG.run(AbstractRemoteTestNG.java:115)
at org.testng.remote.RemoteTestNG.initAndRun(RemoteTestNG.java:251)
at org.testng.remote.RemoteTestNG.main(RemoteTestNG.java:77)
]]>
            </full-stacktrace>
          </exception> <!-- org.openqa.selenium.NoSuchElementException -->
          <reporter-output>
            <line>
              <![CDATA[Open Browser "OrangeHRM" web page ]]>
            </line>
            <line>
              <![CDATA[Enter Username and Password]]>
            </line>
            <line>
              <![CDATA[Validate that you have logged in successfully]]>
            </line>
            <line>
              <![CDATA[Click Admin - Go to the admin page]]>
            </line>
            <line>
              <![CDATA[Search username in field "Username"]]>
            </line>
            <line>
              <![CDATA[Click Search]]>
            </line>
            <line>
              <![CDATA[Verify username exist in table]]>
            </line>
          </reporter-output>
        </test-method> <!-- TC004_Admin_DeleteUser_Scrip -->
        <test-method is-config="true" signature="afterClass()[pri:0, instance:com.opensourse.admin.qa.TC004_Admin_DeleteUser@6cb6decd]" started-at="2021-06-26T18:03:51Z" name="afterClass" finished-at="2021-06-26T18:03:51Z" duration-ms="1" status="PASS">
          <reporter-output>
          </reporter-output>
        </test-method> <!-- afterClass -->
      </class> <!-- com.opensourse.admin.qa.TC004_Admin_DeleteUser -->
    </test> <!-- Default test -->
  </suite> <!-- Default suite -->
</testng-results>
