<?xml version="1.0" encoding="UTF-8"?>
<testng-results ignored="0" total="1" passed="1" failed="0" skipped="0">
  <reporter-output>
    <line>
      <![CDATA[Launching... https://opensource-demo.orangehrmlive.comapplication]]>
    </line>
    <line>
      <![CDATA[login OrangeHRM web page ]]>
    </line>
    <line>
      <![CDATA[Validate that you have logged in successfully]]>
    </line>
    <line>
      <![CDATA[Click Admin - Go to the admin page]]>
    </line>
    <line>
      <![CDATA[Search username in field "Username"]]>
    </line>
    <line>
      <![CDATA[Verify username exist in table]]>
    </line>
    <line>
      <![CDATA[Logout OrangeHRM web page]]>
    </line>
    <line>
      <![CDATA[Closing Browser...]]>
    </line>
  </reporter-output>
  <suite started-at="2021-07-03T16:44:19Z" name="Default suite" finished-at="2021-07-03T16:44:28Z" duration-ms="8278">
    <groups>
    </groups>
    <test started-at="2021-07-03T16:44:19Z" name="Default test" finished-at="2021-07-03T16:44:28Z" duration-ms="8278">
      <class name="com.opensourse.admin.qa.TC001_Admin_SearchEmployee_POM">
        <test-method is-config="true" signature="beforeTest()[pri:0, instance:com.opensourse.admin.qa.TC001_Admin_SearchEmployee_POM@5be49b60]" started-at="2021-07-03T16:44:19Z" name="beforeTest" finished-at="2021-07-03T16:44:22Z" duration-ms="3059" status="PASS">
          <reporter-output>
          </reporter-output>
        </test-method> <!-- beforeTest -->
        <test-method signature="TC001_Admin_SEarchEmployee_POM_Script()[pri:0, instance:com.opensourse.admin.qa.TC001_Admin_SearchEmployee_POM@5be49b60]" started-at="2021-07-03T16:44:22Z" name="TC001_Admin_SEarchEmployee_POM_Script" finished-at="2021-07-03T16:44:27Z" duration-ms="5045" status="PASS">
          <reporter-output>
            <line>
              <![CDATA[Launching... https://opensource-demo.orangehrmlive.comapplication]]>
            </line>
            <line>
              <![CDATA[login OrangeHRM web page ]]>
            </line>
            <line>
              <![CDATA[Validate that you have logged in successfully]]>
            </line>
            <line>
              <![CDATA[Click Admin - Go to the admin page]]>
            </line>
            <line>
              <![CDATA[Search username in field "Username"]]>
            </line>
            <line>
              <![CDATA[Verify username exist in table]]>
            </line>
            <line>
              <![CDATA[Logout OrangeHRM web page]]>
            </line>
          </reporter-output>
        </test-method> <!-- TC001_Admin_SEarchEmployee_POM_Script -->
        <test-method is-config="true" signature="afterTest()[pri:0, instance:com.opensourse.admin.qa.TC001_Admin_SearchEmployee_POM@5be49b60]" started-at="2021-07-03T16:44:27Z" name="afterTest" finished-at="2021-07-03T16:44:28Z" duration-ms="138" status="PASS">
          <reporter-output>
            <line>
              <![CDATA[Closing Browser...]]>
            </line>
          </reporter-output>
        </test-method> <!-- afterTest -->
      </class> <!-- com.opensourse.admin.qa.TC001_Admin_SearchEmployee_POM -->
    </test> <!-- Default test -->
  </suite> <!-- Default suite -->
</testng-results>
